<?xml version="1.0" encoding="UTF-8"?>
<testExecutions version="1">
  <file path="C:\Disque_dur\DocTR\Projects\SrfGroup\CodeSources\SrfGroupFE\src\App.test.tsx">
    <testCase name="renders App" duration="733"/>
  </file>
</testExecutions>